  Двусвязный список.cpp
C:\Users\Артем\Desktop\ЭВМ-2\Двусвязный список\Двусвязный список\Двусвязный список\Двусвязный список.cpp(142,21): error C2955: "node": для использования класс шаблон требуется список аргументов шаблон
C:\Users\Артем\Desktop\ЭВМ-2\Двусвязный список\Двусвязный список\Двусвязный список\Двусвязный список.cpp(4,1): message : см. объявление "node"
C:\Users\Артем\Desktop\ЭВМ-2\Двусвязный список\Двусвязный список\Двусвязный список\Двусвязный список.cpp(140,34): message : во время компиляции функции-члена класс шаблон "void list<int>::push_back(T)"
          with
          [
              T=int
          ]
C:\Users\Артем\Desktop\ЭВМ-2\Двусвязный список\Двусвязный список\Двусвязный список\Двусвязный список.cpp(214,31): message : см. первую ссылку на "list<int>::push_back" в "main"
C:\Users\Артем\Desktop\ЭВМ-2\Двусвязный список\Двусвязный список\Двусвязный список\Двусвязный список.cpp(202,15): message : выполняется компиляция ссылки на экземпляр класс шаблон функции "list<int>"
C:\Users\Артем\Desktop\ЭВМ-2\Двусвязный список\Двусвязный список\Двусвязный список\Двусвязный список.cpp(142,25): error C2514: "node": невозможно создать шаблон класса.
C:\Users\Артем\Desktop\ЭВМ-2\Двусвязный список\Двусвязный список\Двусвязный список\Двусвязный список.cpp(4,1): message : см. объявление "node"
C:\Users\Артем\Desktop\ЭВМ-2\Двусвязный список\Двусвязный список\Двусвязный список\Двусвязный список.cpp(147,33): error C2514: "node": невозможно создать шаблон класса.
C:\Users\Артем\Desktop\ЭВМ-2\Двусвязный список\Двусвязный список\Двусвязный список\Двусвязный список.cpp(4,1): message : см. объявление "node"
C:\Users\Артем\Desktop\ЭВМ-2\Двусвязный список\Двусвязный список\Двусвязный список\Двусвязный список.cpp(158,25): error C2514: "node": невозможно создать шаблон класса.
C:\Users\Артем\Desktop\ЭВМ-2\Двусвязный список\Двусвязный список\Двусвязный список\Двусвязный список.cpp(4,1): message : см. объявление "node"
C:\Users\Артем\Desktop\ЭВМ-2\Двусвязный список\Двусвязный список\Двусвязный список\Двусвязный список.cpp(156,35): message : во время компиляции функции-члена класс шаблон "void list<int>::push_front(T)"
          with
          [
              T=int
          ]
C:\Users\Артем\Desktop\ЭВМ-2\Двусвязный список\Двусвязный список\Двусвязный список\Двусвязный список.cpp(234,28): message : см. первую ссылку на "list<int>::push_front" в "main"
C:\Users\Артем\Desktop\ЭВМ-2\Двусвязный список\Двусвязный список\Двусвязный список\Двусвязный список.cpp(163,33): error C2514: "node": невозможно создать шаблон класса.
C:\Users\Артем\Desktop\ЭВМ-2\Двусвязный список\Двусвязный список\Двусвязный список\Двусвязный список.cpp(4,1): message : см. объявление "node"
